<?xml version="1.0" encoding="UTF-8"?>
<TestRun id="ec2599df-e828-4e3b-b90c-08865cff1b22" name="Jon@JON-PC 2015-03-18 21:58:50" runUser="Jon-PC\Jon" xmlns="http://microsoft.com/schemas/VisualStudio/TeamTest/2010">
  <TestSettings name="Local" id="4634f8c1-6569-448c-9c57-b1fbac4675cd">
    <Description>These are default test settings for a local test run.</Description>
    <Deployment enabled="false" runDeploymentRoot="Jon_JON-PC 2015-03-18 21_58_50">
      <DeploymentItem filename="c:\users\jon\documents\visual studio 2010\Projects\sort-names\sort-names\bin\Debug\sort-names.exe" />
    </Deployment>
    <Execution>
      <TestTypeSpecific />
      <AgentRule name="Execution Agents">
      </AgentRule>
    </Execution>
  </TestSettings>
  <Times creation="2015-03-18T21:58:50.2826645+10:00" queuing="2015-03-18T21:58:50.3426679+10:00" start="2015-03-18T21:58:50.3516684+10:00" finish="2015-03-18T21:58:50.5646806+10:00" />
  <ResultSummary outcome="Failed">
    <Counters total="1" executed="1" error="0" failed="1" timeout="0" aborted="0" inconclusive="0" passedButRunAborted="0" notRunnable="0" notExecuted="0" disconnected="0" warning="0" passed="0" completed="0" inProgress="0" pending="0" />
  </ResultSummary>
  <TestDefinitions>
    <UnitTest name="TestNameSortC" storage="c:\users\jon\documents\visual studio 2010\projects\sort-names\unittest\bin\debug\unittest.dll" id="147fb284-f4a4-250f-4fdf-8563c3a3398b">
      <Execution id="edb6883b-52cd-4d19-b7ab-de9a7f9b54e1" />
      <TestMethod codeBase="c:/users/jon/documents/visual studio 2010/Projects/sort-names/UnitTest/bin/Debug/UnitTest.DLL" adapterTypeName="Microsoft.VisualStudio.TestTools.TestTypes.Unit.UnitTestAdapter, Microsoft.VisualStudio.QualityTools.Tips.UnitTest.Adapter, Version=10.0.0.0, Culture=neutral, PublicKeyToken=b03f5f7f11d50a3a" className="UnitTest.UnitTest, UnitTest, Version=1.0.0.0, Culture=neutral, PublicKeyToken=null" name="TestNameSortC" />
    </UnitTest>
  </TestDefinitions>
  <TestLists>
    <TestList name="Results Not in a List" id="8c84fa94-04c1-424b-9868-57a2d4851a1d" />
    <TestList name="All Loaded Results" id="19431567-8539-422a-85d7-44ee4e166bda" />
  </TestLists>
  <TestEntries>
    <TestEntry testId="147fb284-f4a4-250f-4fdf-8563c3a3398b" executionId="edb6883b-52cd-4d19-b7ab-de9a7f9b54e1" testListId="8c84fa94-04c1-424b-9868-57a2d4851a1d" />
  </TestEntries>
  <Results>
    <UnitTestResult executionId="edb6883b-52cd-4d19-b7ab-de9a7f9b54e1" testId="147fb284-f4a4-250f-4fdf-8563c3a3398b" testName="TestNameSortC" computerName="JON-PC" duration="00:00:00.0273894" startTime="2015-03-18T21:58:50.3546686+10:00" endTime="2015-03-18T21:58:50.5546800+10:00" testType="13cdc9d9-ddb5-4fa4-a97d-d965ccfc6d4b" outcome="Failed" testListId="8c84fa94-04c1-424b-9868-57a2d4851a1d" relativeResultsDirectory="edb6883b-52cd-4d19-b7ab-de9a7f9b54e1">
      <Output>
        <ErrorInfo>
          <Message>Test method UnitTest.UnitTest.TestNameSortC threw exception: 
System.ArgumentOutOfRangeException: Index was out of range. Must be non-negative and less than the size of the collection.
Parameter name: index</Message>
          <StackTrace>    at System.ThrowHelper.ThrowArgumentOutOfRangeException()
   at System.Collections.Generic.List`1.get_Item(Int32 index)
   at UnitTest.UnitTest.TestNameSortC() in c:\users\jon\documents\visual studio 2010\Projects\sort-names\UnitTest\UnitTest.cs:line 212
</StackTrace>
        </ErrorInfo>
      </Output>
    </UnitTestResult>
  </Results>
</TestRun>