<?xml version="1.0" encoding="UTF-8"?>
<TestRun id="201d3884-ee8c-4ea9-a32f-9cff56e46746" name="Jon@JON-PC 2015-03-18 21:53:21" runUser="Jon-PC\Jon" xmlns="http://microsoft.com/schemas/VisualStudio/TeamTest/2010">
  <TestSettings name="Local" id="4634f8c1-6569-448c-9c57-b1fbac4675cd">
    <Description>These are default test settings for a local test run.</Description>
    <Deployment enabled="false" runDeploymentRoot="Jon_JON-PC 2015-03-18 21_53_21">
      <DeploymentItem filename="c:\users\jon\documents\visual studio 2010\Projects\sort-names\sort-names\bin\Debug\sort-names.exe" />
    </Deployment>
    <Execution>
      <TestTypeSpecific />
      <AgentRule name="Execution Agents">
      </AgentRule>
    </Execution>
  </TestSettings>
  <Times creation="2015-03-18T21:53:21.1211006+10:00" queuing="2015-03-18T21:53:21.2011007+10:00" start="2015-03-18T21:53:21.2011007+10:00" finish="2015-03-18T21:53:21.4411010+10:00" />
  <ResultSummary outcome="Failed">
    <Counters total="4" executed="4" passed="2" error="0" failed="2" timeout="0" aborted="0" inconclusive="0" passedButRunAborted="0" notRunnable="0" notExecuted="0" disconnected="0" warning="0" completed="0" inProgress="0" pending="0" />
  </ResultSummary>
  <TestDefinitions>
    <UnitTest name="TestReadFile" storage="c:\users\jon\documents\visual studio 2010\projects\sort-names\unittest\bin\debug\unittest.dll" id="e7374a71-081e-aa5c-c9c4-fe3af2c1c9f2">
      <Execution id="74e6cddb-3c7f-4e2d-aeb0-5b392c79c31f" />
      <TestMethod codeBase="c:/users/jon/documents/visual studio 2010/Projects/sort-names/UnitTest/bin/Debug/UnitTest.DLL" adapterTypeName="Microsoft.VisualStudio.TestTools.TestTypes.Unit.UnitTestAdapter, Microsoft.VisualStudio.QualityTools.Tips.UnitTest.Adapter, Version=10.0.0.0, Culture=neutral, PublicKeyToken=b03f5f7f11d50a3a" className="UnitTest.UnitTest, UnitTest, Version=1.0.0.0, Culture=neutral, PublicKeyToken=null" name="TestReadFile" />
    </UnitTest>
    <UnitTest name="TestNameSortC" storage="c:\users\jon\documents\visual studio 2010\projects\sort-names\unittest\bin\debug\unittest.dll" id="147fb284-f4a4-250f-4fdf-8563c3a3398b">
      <Execution id="54f07edf-4542-4a4a-8576-0b00b72fca0c" />
      <TestMethod codeBase="c:/users/jon/documents/visual studio 2010/Projects/sort-names/UnitTest/bin/Debug/UnitTest.DLL" adapterTypeName="Microsoft.VisualStudio.TestTools.TestTypes.Unit.UnitTestAdapter, Microsoft.VisualStudio.QualityTools.Tips.UnitTest.Adapter, Version=10.0.0.0, Culture=neutral, PublicKeyToken=b03f5f7f11d50a3a" className="UnitTest.UnitTest, UnitTest, Version=1.0.0.0, Culture=neutral, PublicKeyToken=null" name="TestNameSortC" />
    </UnitTest>
    <UnitTest name="TestNameSortB" storage="c:\users\jon\documents\visual studio 2010\projects\sort-names\unittest\bin\debug\unittest.dll" id="5c63bcfc-c996-cd43-9de5-b60cb2f8ae90">
      <Execution id="6373cb6e-20e9-476e-ae93-aceb6b1c5cbb" />
      <TestMethod codeBase="c:/users/jon/documents/visual studio 2010/Projects/sort-names/UnitTest/bin/Debug/UnitTest.DLL" adapterTypeName="Microsoft.VisualStudio.TestTools.TestTypes.Unit.UnitTestAdapter, Microsoft.VisualStudio.QualityTools.Tips.UnitTest.Adapter, Version=10.0.0.0, Culture=neutral, PublicKeyToken=b03f5f7f11d50a3a" className="UnitTest.UnitTest, UnitTest, Version=1.0.0.0, Culture=neutral, PublicKeyToken=null" name="TestNameSortB" />
    </UnitTest>
    <UnitTest name="TestNameSortA" storage="c:\users\jon\documents\visual studio 2010\projects\sort-names\unittest\bin\debug\unittest.dll" id="94e3e4a8-cc0d-acd1-5808-4bb61dfb1178">
      <Execution id="406c8522-6bdc-4bf9-a6d0-986f8c85858e" />
      <TestMethod codeBase="c:/users/jon/documents/visual studio 2010/Projects/sort-names/UnitTest/bin/Debug/UnitTest.DLL" adapterTypeName="Microsoft.VisualStudio.TestTools.TestTypes.Unit.UnitTestAdapter, Microsoft.VisualStudio.QualityTools.Tips.UnitTest.Adapter, Version=10.0.0.0, Culture=neutral, PublicKeyToken=b03f5f7f11d50a3a" className="UnitTest.UnitTest, UnitTest, Version=1.0.0.0, Culture=neutral, PublicKeyToken=null" name="TestNameSortA" />
    </UnitTest>
  </TestDefinitions>
  <TestLists>
    <TestList name="Results Not in a List" id="8c84fa94-04c1-424b-9868-57a2d4851a1d" />
    <TestList name="All Loaded Results" id="19431567-8539-422a-85d7-44ee4e166bda" />
  </TestLists>
  <TestEntries>
    <TestEntry testId="147fb284-f4a4-250f-4fdf-8563c3a3398b" executionId="54f07edf-4542-4a4a-8576-0b00b72fca0c" testListId="8c84fa94-04c1-424b-9868-57a2d4851a1d" />
    <TestEntry testId="5c63bcfc-c996-cd43-9de5-b60cb2f8ae90" executionId="6373cb6e-20e9-476e-ae93-aceb6b1c5cbb" testListId="8c84fa94-04c1-424b-9868-57a2d4851a1d" />
    <TestEntry testId="94e3e4a8-cc0d-acd1-5808-4bb61dfb1178" executionId="406c8522-6bdc-4bf9-a6d0-986f8c85858e" testListId="8c84fa94-04c1-424b-9868-57a2d4851a1d" />
    <TestEntry testId="e7374a71-081e-aa5c-c9c4-fe3af2c1c9f2" executionId="74e6cddb-3c7f-4e2d-aeb0-5b392c79c31f" testListId="8c84fa94-04c1-424b-9868-57a2d4851a1d" />
  </TestEntries>
  <Results>
    <UnitTestResult executionId="54f07edf-4542-4a4a-8576-0b00b72fca0c" testId="147fb284-f4a4-250f-4fdf-8563c3a3398b" testName="TestNameSortC" computerName="JON-PC" duration="00:00:00.0290486" startTime="2015-03-18T21:53:21.2111007+10:00" endTime="2015-03-18T21:53:21.4111010+10:00" testType="13cdc9d9-ddb5-4fa4-a97d-d965ccfc6d4b" outcome="Failed" testListId="8c84fa94-04c1-424b-9868-57a2d4851a1d" relativeResultsDirectory="54f07edf-4542-4a4a-8576-0b00b72fca0c">
      <Output>
        <ErrorInfo>
          <Message>Test method UnitTest.UnitTest.TestNameSortC threw exception: 
System.ArgumentOutOfRangeException: Index was out of range. Must be non-negative and less than the size of the collection.
Parameter name: index</Message>
          <StackTrace>    at System.ThrowHelper.ThrowArgumentOutOfRangeException()
   at System.Collections.Generic.List`1.get_Item(Int32 index)
   at UnitTest.UnitTest.TestNameSortC() in c:\users\jon\documents\visual studio 2010\Projects\sort-names\UnitTest\UnitTest.cs:line 212
</StackTrace>
        </ErrorInfo>
      </Output>
    </UnitTestResult>
    <UnitTestResult executionId="6373cb6e-20e9-476e-ae93-aceb6b1c5cbb" testId="5c63bcfc-c996-cd43-9de5-b60cb2f8ae90" testName="TestNameSortB" computerName="JON-PC" duration="00:00:00.0021419" startTime="2015-03-18T21:53:21.4111010+10:00" endTime="2015-03-18T21:53:21.4211010+10:00" testType="13cdc9d9-ddb5-4fa4-a97d-d965ccfc6d4b" outcome="Failed" testListId="8c84fa94-04c1-424b-9868-57a2d4851a1d" relativeResultsDirectory="6373cb6e-20e9-476e-ae93-aceb6b1c5cbb">
      <Output>
        <ErrorInfo>
          <Message>Test method UnitTest.UnitTest.TestNameSortB threw exception: 
System.ArgumentOutOfRangeException: Index was out of range. Must be non-negative and less than the size of the collection.
Parameter name: index</Message>
          <StackTrace>    at System.ThrowHelper.ThrowArgumentOutOfRangeException()
   at System.Collections.Generic.List`1.get_Item(Int32 index)
   at UnitTest.UnitTest.TestNameSortB() in c:\users\jon\documents\visual studio 2010\Projects\sort-names\UnitTest\UnitTest.cs:line 199
</StackTrace>
        </ErrorInfo>
      </Output>
    </UnitTestResult>
    <UnitTestResult executionId="406c8522-6bdc-4bf9-a6d0-986f8c85858e" testId="94e3e4a8-cc0d-acd1-5808-4bb61dfb1178" testName="TestNameSortA" computerName="JON-PC" duration="00:00:00.0009080" startTime="2015-03-18T21:53:21.4211010+10:00" endTime="2015-03-18T21:53:21.4211010+10:00" testType="13cdc9d9-ddb5-4fa4-a97d-d965ccfc6d4b" outcome="Passed" testListId="8c84fa94-04c1-424b-9868-57a2d4851a1d" relativeResultsDirectory="406c8522-6bdc-4bf9-a6d0-986f8c85858e">
    </UnitTestResult>
    <UnitTestResult executionId="74e6cddb-3c7f-4e2d-aeb0-5b392c79c31f" testId="e7374a71-081e-aa5c-c9c4-fe3af2c1c9f2" testName="TestReadFile" computerName="JON-PC" duration="00:00:00.0073669" startTime="2015-03-18T21:53:21.4211010+10:00" endTime="2015-03-18T21:53:21.4311010+10:00" testType="13cdc9d9-ddb5-4fa4-a97d-d965ccfc6d4b" outcome="Passed" testListId="8c84fa94-04c1-424b-9868-57a2d4851a1d" relativeResultsDirectory="74e6cddb-3c7f-4e2d-aeb0-5b392c79c31f">
      <Output>
        <StdOut>Finished: created C:\Program Files (x86)\Microsoft Visual Studio 10-sorted.txt
Finished: created C:\Program Files (x86)\Microsoft Visual Studio 10-sorted.txt
Finished: created C:\Program Files (x86)\Microsoft Visual Studio 10-sorted.txt
Cannot open C:\Program Files (x86)\Microsoft Visual Studio 10.0\Common7\IDE	hisIsAFakeFile.txt</StdOut>
      </Output>
    </UnitTestResult>
  </Results>
</TestRun>