<?xml version="1.0" encoding="UTF-8"?>
<TestRun id="2a397337-46aa-40b1-b435-d250b6a25a01" name="Jon@JON-PC 2015-03-18 21:59:25" runUser="Jon-PC\Jon" xmlns="http://microsoft.com/schemas/VisualStudio/TeamTest/2010">
  <TestSettings name="Local" id="4634f8c1-6569-448c-9c57-b1fbac4675cd">
    <Description>These are default test settings for a local test run.</Description>
    <Deployment enabled="false" runDeploymentRoot="Jon_JON-PC 2015-03-18 21_59_25">
      <DeploymentItem filename="c:\users\jon\documents\visual studio 2010\Projects\sort-names\sort-names\bin\Debug\sort-names.exe" />
    </Deployment>
    <Execution>
      <TestTypeSpecific />
      <AgentRule name="Execution Agents">
      </AgentRule>
    </Execution>
  </TestSettings>
  <Times creation="2015-03-18T21:59:25.9167026+10:00" queuing="2015-03-18T21:59:25.9657054+10:00" start="2015-03-18T21:59:25.9697056+10:00" finish="2015-03-18T21:59:26.2067192+10:00" />
  <ResultSummary outcome="Failed">
    <Counters total="4" executed="4" passed="2" error="0" failed="2" timeout="0" aborted="0" inconclusive="0" passedButRunAborted="0" notRunnable="0" notExecuted="0" disconnected="0" warning="0" completed="0" inProgress="0" pending="0" />
  </ResultSummary>
  <TestDefinitions>
    <UnitTest name="TestReadFile" storage="c:\users\jon\documents\visual studio 2010\projects\sort-names\unittest\bin\debug\unittest.dll" id="e7374a71-081e-aa5c-c9c4-fe3af2c1c9f2">
      <Execution id="536e1709-c2d6-4ebc-8d0b-06a0d2aec4d0" />
      <TestMethod codeBase="c:/users/jon/documents/visual studio 2010/Projects/sort-names/UnitTest/bin/Debug/UnitTest.DLL" adapterTypeName="Microsoft.VisualStudio.TestTools.TestTypes.Unit.UnitTestAdapter, Microsoft.VisualStudio.QualityTools.Tips.UnitTest.Adapter, Version=10.0.0.0, Culture=neutral, PublicKeyToken=b03f5f7f11d50a3a" className="UnitTest.UnitTest, UnitTest, Version=1.0.0.0, Culture=neutral, PublicKeyToken=null" name="TestReadFile" />
    </UnitTest>
    <UnitTest name="TestNameSortC" storage="c:\users\jon\documents\visual studio 2010\projects\sort-names\unittest\bin\debug\unittest.dll" id="147fb284-f4a4-250f-4fdf-8563c3a3398b">
      <Execution id="d00df144-cfec-48e7-b16b-03fe78736e7f" />
      <TestMethod codeBase="c:/users/jon/documents/visual studio 2010/Projects/sort-names/UnitTest/bin/Debug/UnitTest.DLL" adapterTypeName="Microsoft.VisualStudio.TestTools.TestTypes.Unit.UnitTestAdapter, Microsoft.VisualStudio.QualityTools.Tips.UnitTest.Adapter, Version=10.0.0.0, Culture=neutral, PublicKeyToken=b03f5f7f11d50a3a" className="UnitTest.UnitTest, UnitTest, Version=1.0.0.0, Culture=neutral, PublicKeyToken=null" name="TestNameSortC" />
    </UnitTest>
    <UnitTest name="TestNameSortB" storage="c:\users\jon\documents\visual studio 2010\projects\sort-names\unittest\bin\debug\unittest.dll" id="5c63bcfc-c996-cd43-9de5-b60cb2f8ae90">
      <Execution id="82056c8b-5002-44fd-aa6e-9f0c2d32b00a" />
      <TestMethod codeBase="c:/users/jon/documents/visual studio 2010/Projects/sort-names/UnitTest/bin/Debug/UnitTest.DLL" adapterTypeName="Microsoft.VisualStudio.TestTools.TestTypes.Unit.UnitTestAdapter, Microsoft.VisualStudio.QualityTools.Tips.UnitTest.Adapter, Version=10.0.0.0, Culture=neutral, PublicKeyToken=b03f5f7f11d50a3a" className="UnitTest.UnitTest, UnitTest, Version=1.0.0.0, Culture=neutral, PublicKeyToken=null" name="TestNameSortB" />
    </UnitTest>
    <UnitTest name="TestNameSortA" storage="c:\users\jon\documents\visual studio 2010\projects\sort-names\unittest\bin\debug\unittest.dll" id="94e3e4a8-cc0d-acd1-5808-4bb61dfb1178">
      <Execution id="ddaf8c1f-919e-4aa7-9ce7-4b38bf06afc2" />
      <TestMethod codeBase="c:/users/jon/documents/visual studio 2010/Projects/sort-names/UnitTest/bin/Debug/UnitTest.DLL" adapterTypeName="Microsoft.VisualStudio.TestTools.TestTypes.Unit.UnitTestAdapter, Microsoft.VisualStudio.QualityTools.Tips.UnitTest.Adapter, Version=10.0.0.0, Culture=neutral, PublicKeyToken=b03f5f7f11d50a3a" className="UnitTest.UnitTest, UnitTest, Version=1.0.0.0, Culture=neutral, PublicKeyToken=null" name="TestNameSortA" />
    </UnitTest>
  </TestDefinitions>
  <TestLists>
    <TestList name="Results Not in a List" id="8c84fa94-04c1-424b-9868-57a2d4851a1d" />
    <TestList name="All Loaded Results" id="19431567-8539-422a-85d7-44ee4e166bda" />
  </TestLists>
  <TestEntries>
    <TestEntry testId="147fb284-f4a4-250f-4fdf-8563c3a3398b" executionId="d00df144-cfec-48e7-b16b-03fe78736e7f" testListId="8c84fa94-04c1-424b-9868-57a2d4851a1d" />
    <TestEntry testId="5c63bcfc-c996-cd43-9de5-b60cb2f8ae90" executionId="82056c8b-5002-44fd-aa6e-9f0c2d32b00a" testListId="8c84fa94-04c1-424b-9868-57a2d4851a1d" />
    <TestEntry testId="94e3e4a8-cc0d-acd1-5808-4bb61dfb1178" executionId="ddaf8c1f-919e-4aa7-9ce7-4b38bf06afc2" testListId="8c84fa94-04c1-424b-9868-57a2d4851a1d" />
    <TestEntry testId="e7374a71-081e-aa5c-c9c4-fe3af2c1c9f2" executionId="536e1709-c2d6-4ebc-8d0b-06a0d2aec4d0" testListId="8c84fa94-04c1-424b-9868-57a2d4851a1d" />
  </TestEntries>
  <Results>
    <UnitTestResult executionId="d00df144-cfec-48e7-b16b-03fe78736e7f" testId="147fb284-f4a4-250f-4fdf-8563c3a3398b" testName="TestNameSortC" computerName="JON-PC" duration="00:00:00.0294580" startTime="2015-03-18T21:59:25.9717058+10:00" endTime="2015-03-18T21:59:26.1767175+10:00" testType="13cdc9d9-ddb5-4fa4-a97d-d965ccfc6d4b" outcome="Failed" testListId="8c84fa94-04c1-424b-9868-57a2d4851a1d" relativeResultsDirectory="d00df144-cfec-48e7-b16b-03fe78736e7f">
      <Output>
        <ErrorInfo>
          <Message>Test method UnitTest.UnitTest.TestNameSortC threw exception: 
System.ArgumentOutOfRangeException: Index was out of range. Must be non-negative and less than the size of the collection.
Parameter name: index</Message>
          <StackTrace>    at System.ThrowHelper.ThrowArgumentOutOfRangeException()
   at System.Collections.Generic.List`1.get_Item(Int32 index)
   at UnitTest.UnitTest.TestNameSortC() in c:\users\jon\documents\visual studio 2010\Projects\sort-names\UnitTest\UnitTest.cs:line 212
</StackTrace>
        </ErrorInfo>
      </Output>
    </UnitTestResult>
    <UnitTestResult executionId="82056c8b-5002-44fd-aa6e-9f0c2d32b00a" testId="5c63bcfc-c996-cd43-9de5-b60cb2f8ae90" testName="TestNameSortB" computerName="JON-PC" duration="00:00:00.0020860" startTime="2015-03-18T21:59:26.1777175+10:00" endTime="2015-03-18T21:59:26.1817178+10:00" testType="13cdc9d9-ddb5-4fa4-a97d-d965ccfc6d4b" outcome="Failed" testListId="8c84fa94-04c1-424b-9868-57a2d4851a1d" relativeResultsDirectory="82056c8b-5002-44fd-aa6e-9f0c2d32b00a">
      <Output>
        <ErrorInfo>
          <Message>Test method UnitTest.UnitTest.TestNameSortB threw exception: 
System.ArgumentOutOfRangeException: Index was out of range. Must be non-negative and less than the size of the collection.
Parameter name: index</Message>
          <StackTrace>    at System.ThrowHelper.ThrowArgumentOutOfRangeException()
   at System.Collections.Generic.List`1.get_Item(Int32 index)
   at UnitTest.UnitTest.TestNameSortB() in c:\users\jon\documents\visual studio 2010\Projects\sort-names\UnitTest\UnitTest.cs:line 199
</StackTrace>
        </ErrorInfo>
      </Output>
    </UnitTestResult>
    <UnitTestResult executionId="ddaf8c1f-919e-4aa7-9ce7-4b38bf06afc2" testId="94e3e4a8-cc0d-acd1-5808-4bb61dfb1178" testName="TestNameSortA" computerName="JON-PC" duration="00:00:00.0009118" startTime="2015-03-18T21:59:26.1837179+10:00" endTime="2015-03-18T21:59:26.1857180+10:00" testType="13cdc9d9-ddb5-4fa4-a97d-d965ccfc6d4b" outcome="Passed" testListId="8c84fa94-04c1-424b-9868-57a2d4851a1d" relativeResultsDirectory="ddaf8c1f-919e-4aa7-9ce7-4b38bf06afc2">
    </UnitTestResult>
    <UnitTestResult executionId="536e1709-c2d6-4ebc-8d0b-06a0d2aec4d0" testId="e7374a71-081e-aa5c-c9c4-fe3af2c1c9f2" testName="TestReadFile" computerName="JON-PC" duration="00:00:00.0074544" startTime="2015-03-18T21:59:26.1877181+10:00" endTime="2015-03-18T21:59:26.1967186+10:00" testType="13cdc9d9-ddb5-4fa4-a97d-d965ccfc6d4b" outcome="Passed" testListId="8c84fa94-04c1-424b-9868-57a2d4851a1d" relativeResultsDirectory="536e1709-c2d6-4ebc-8d0b-06a0d2aec4d0">
      <Output>
        <StdOut>Finished: created C:\Program Files (x86)\Microsoft Visual Studio 10-sorted.txt
Finished: created C:\Program Files (x86)\Microsoft Visual Studio 10-sorted.txt
Finished: created C:\Program Files (x86)\Microsoft Visual Studio 10-sorted.txt
Cannot open C:\Program Files (x86)\Microsoft Visual Studio 10.0\Common7\IDE	hisIsAFakeFile.txt</StdOut>
      </Output>
    </UnitTestResult>
  </Results>
</TestRun>